<?xml version="1.0" encoding="UTF-8"?>
<!-- Generated by org.testng.reporters.JUnitReportReporter -->
<testsuite hostname="IN-H7G00F3" failures="0" tests="4" name="api.test.userTest2" time="9.430" errors="0" timestamp="2023-06-20T16:41:24 IST" skipped="0">
  <testcase classname="api.test.userTest2" name="testPostUser" time="3.450"/>
  <system-out/>
  <testcase classname="api.test.userTest2" name="testGetUserByName" time="1.569"/>
  <system-out/>
  <testcase classname="api.test.userTest2" name="testUpdateUserByName" time="3.056"/>
  <system-out/>
  <testcase classname="api.test.userTest2" name="testDeleteUserByName" time="1.355"/>
  <system-out/>
</testsuite> <!-- api.test.userTest2 -->
