<?xml version="1.0" encoding="UTF-8"?>
<!-- Generated by org.testng.reporters.JUnitReportReporter -->
<testsuite hostname="IN-H7G00F3" failures="0" tests="4" name="api.test.userTest" time="9.069" errors="0" timestamp="2023-06-20T15:57:28 IST" skipped="0">
  <testcase classname="api.test.userTest" name="testPostUser" time="3.343"/>
  <system-out/>
  <testcase classname="api.test.userTest" name="testGetUserByName" time="1.447"/>
  <system-out/>
  <testcase classname="api.test.userTest" name="testUpdateUserByName" time="2.854"/>
  <system-out/>
  <testcase classname="api.test.userTest" name="testDeleteUserByName" time="1.425"/>
  <system-out/>
</testsuite> <!-- api.test.userTest -->
